[2026-01-16T00:33:07.285+0000] {local_task_job_runner.py:120} INFO - ::group::Pre task execution logs
[2026-01-16T00:33:07.980+0000] {taskinstance.py:2076} INFO - Dependencies all met for dep_context=non-requeueable deps ti=<TaskInstance: retail_price_pipeline.ensure_raw_schema scheduled__2026-01-15T00:00:00+00:00 [queued]>
[2026-01-16T00:33:08.013+0000] {taskinstance.py:2076} INFO - Dependencies all met for dep_context=requeueable deps ti=<TaskInstance: retail_price_pipeline.ensure_raw_schema scheduled__2026-01-15T00:00:00+00:00 [queued]>
[2026-01-16T00:33:08.015+0000] {taskinstance.py:2306} INFO - Starting attempt 1 of 2
[2026-01-16T00:33:08.100+0000] {taskinstance.py:2330} INFO - Executing <Task(PythonOperator): ensure_raw_schema> on 2026-01-15 00:00:00+00:00
[2026-01-16T00:33:08.146+0000] {logging_mixin.py:188} WARNING - /home/***/.local/lib/python3.12/site-packages/***/task/task_runner/standard_task_runner.py:62 DeprecationWarning: This process (pid=1308) is multi-threaded, use of fork() may lead to deadlocks in the child.
[2026-01-16T00:33:08.150+0000] {standard_task_runner.py:64} INFO - Started process 1309 to run task
[2026-01-16T00:33:08.135+0000] {standard_task_runner.py:90} INFO - Running: ['***', 'tasks', 'run', 'retail_price_pipeline', 'ensure_raw_schema', 'scheduled__2026-01-15T00:00:00+00:00', '--job-id', '15', '--raw', '--subdir', 'DAGS_FOLDER/price_pipeline_dag.py', '--cfg-path', '/tmp/tmpirt0f0tj']
[2026-01-16T00:33:08.159+0000] {standard_task_runner.py:91} INFO - Job 15: Subtask ensure_raw_schema
[2026-01-16T00:33:08.591+0000] {task_command.py:426} INFO - Running <TaskInstance: retail_price_pipeline.ensure_raw_schema scheduled__2026-01-15T00:00:00+00:00 [running]> on host 401d67fae8c0
[2026-01-16T00:33:09.788+0000] {taskinstance.py:2648} INFO - Exporting env vars: AIRFLOW_CTX_DAG_OWNER='data-eng' AIRFLOW_CTX_DAG_ID='retail_price_pipeline' AIRFLOW_CTX_TASK_ID='ensure_raw_schema' AIRFLOW_CTX_EXECUTION_DATE='2026-01-15T00:00:00+00:00' AIRFLOW_CTX_TRY_NUMBER='1' AIRFLOW_CTX_DAG_RUN_ID='scheduled__2026-01-15T00:00:00+00:00'
[2026-01-16T00:33:09.794+0000] {taskinstance.py:430} INFO - ::endgroup::
[2026-01-16T00:33:10.190+0000] {taskinstance.py:441} INFO - ::group::Post task execution logs
[2026-01-16T00:33:10.248+0000] {taskinstance.py:2905} ERROR - Task failed with exception
Traceback (most recent call last):
  File "/home/airflow/.local/lib/python3.12/site-packages/airflow/models/taskinstance.py", line 465, in _execute_task
    result = _execute_callable(context=context, **execute_callable_kwargs)
             ^^^^^^^^^^^^^^^^^^^^^^^^^^^^^^^^^^^^^^^^^^^^^^^^^^^^^^^^^^^^^
  File "/home/airflow/.local/lib/python3.12/site-packages/airflow/models/taskinstance.py", line 432, in _execute_callable
    return execute_callable(context=context, **execute_callable_kwargs)
           ^^^^^^^^^^^^^^^^^^^^^^^^^^^^^^^^^^^^^^^^^^^^^^^^^^^^^^^^^^^^
  File "/home/airflow/.local/lib/python3.12/site-packages/airflow/models/baseoperator.py", line 401, in wrapper
    return func(self, *args, **kwargs)
           ^^^^^^^^^^^^^^^^^^^^^^^^^^^
  File "/home/airflow/.local/lib/python3.12/site-packages/airflow/operators/python.py", line 235, in execute
    return_value = self.execute_callable()
                   ^^^^^^^^^^^^^^^^^^^^^^^
  File "/home/airflow/.local/lib/python3.12/site-packages/airflow/operators/python.py", line 252, in execute_callable
    return self.python_callable(*self.op_args, **self.op_kwargs)
           ^^^^^^^^^^^^^^^^^^^^^^^^^^^^^^^^^^^^^^^^^^^^^^^^^^^^^
  File "/opt/airflow/dags/price_pipeline_dag.py", line 27, in ensure_conn_and_tables
    hook.run(RAW_TABLE_DDL)
  File "/home/airflow/.local/lib/python3.12/site-packages/airflow/providers/common/sql/hooks/sql.py", line 438, in run
    with self._create_autocommit_connection(autocommit) as conn:
  File "/usr/local/lib/python3.12/contextlib.py", line 137, in __enter__
    return next(self.gen)
           ^^^^^^^^^^^^^^
  File "/home/airflow/.local/lib/python3.12/site-packages/airflow/providers/common/sql/hooks/sql.py", line 560, in _create_autocommit_connection
    with closing(self.get_conn()) as conn:
                 ^^^^^^^^^^^^^^^
  File "/home/airflow/.local/lib/python3.12/site-packages/airflow/providers/postgres/hooks/postgres.py", line 145, in get_conn
    conn = deepcopy(self.connection or self.get_connection(conn_id))
                                       ^^^^^^^^^^^^^^^^^^^^^^^^^^^^
  File "/home/airflow/.local/lib/python3.12/site-packages/airflow/hooks/base.py", line 83, in get_connection
    conn = Connection.get_connection_from_secrets(conn_id)
           ^^^^^^^^^^^^^^^^^^^^^^^^^^^^^^^^^^^^^^^^^^^^^^^
  File "/home/airflow/.local/lib/python3.12/site-packages/airflow/models/connection.py", line 519, in get_connection_from_secrets
    raise AirflowNotFoundException(f"The conn_id `{conn_id}` isn't defined")
airflow.exceptions.AirflowNotFoundException: The conn_id `warehouse_postgres` isn't defined
[2026-01-16T00:33:10.378+0000] {taskinstance.py:1206} INFO - Marking task as UP_FOR_RETRY. dag_id=retail_price_pipeline, task_id=ensure_raw_schema, run_id=scheduled__2026-01-15T00:00:00+00:00, execution_date=20260115T000000, start_date=20260116T003307, end_date=20260116T003310
[2026-01-16T00:33:10.660+0000] {standard_task_runner.py:110} ERROR - Failed to execute job 15 for task ensure_raw_schema (The conn_id `warehouse_postgres` isn't defined; 1309)
[2026-01-16T00:33:10.749+0000] {local_task_job_runner.py:243} INFO - Task exited with return code 1
[2026-01-16T00:33:11.227+0000] {taskinstance.py:3503} INFO - 0 downstream tasks scheduled from follow-on schedule check
[2026-01-16T00:33:11.234+0000] {local_task_job_runner.py:222} INFO - ::endgroup::
